<?xml version="1.0" encoding="UTF-8"?>
<!-- Generated by org.testng.reporters.JUnitReportReporter -->
<testsuite hostname="Kamaly" failures="0" tests="1" name="testCases.TC_001_AccountRegisterationTest" time="0.901" errors="0" timestamp="2024-03-09T17:43:39 PST" skipped="0">
  <testcase classname="testCases.TC_001_AccountRegisterationTest" name="testAccountRegiseration" time="0.901"/>
  <system-out/>
</testsuite> <!-- testCases.TC_001_AccountRegisterationTest -->
